<?xml version="1.0" encoding="UTF-8"?>
<testsuites name="Mocha Tests" time="0.002" tests="3" failures="1">
  <testsuite name="Root Suite" timestamp="2018-05-01T17:56:07" tests="0" failures="0" time="0">
  </testsuite>
  <testsuite name="suite" timestamp="2018-05-01T17:56:07" tests="3" file="/Users/brittany/code/projects/mocha-jenkins-testrail/test/a.spec.js" failures="1" time="0.002">
    <testcase name="suite should pass" time="0.001" classname="should pass">
    </testcase>
    <testcase name="suite should also pass" time="0" classname="should also pass">
    </testcase>
    <testcase name="suite should fail" time="0.001" classname="should fail">
      <failure><![CDATA[AssertionError: expected 1 to equal 2
    at Context.<anonymous> (test/a.spec.js:13:18)]]></failure>
    </testcase>
  </testsuite>
</testsuites>